[debug] [2022-06-17T18:05:53.137Z] ----------------------------------------------------------------------
[debug] [2022-06-17T18:05:53.138Z] Command:       /usr/local/bin/node /usr/local/bin/firebase init hosting:github
[debug] [2022-06-17T18:05:53.138Z] CLI Version:   10.9.2
[debug] [2022-06-17T18:05:53.139Z] Platform:      linux
[debug] [2022-06-17T18:05:53.139Z] Node Version:  v12.14.1
[debug] [2022-06-17T18:05:53.139Z] Time:          Fri Jun 17 2022 23:35:53 GMT+0530 (India Standard Time)
[debug] [2022-06-17T18:05:53.139Z] ----------------------------------------------------------------------
[debug] 
[debug] [2022-06-17T18:05:53.184Z] > command requires scopes: ["email","openid","https://www.googleapis.com/auth/cloudplatformprojects.readonly","https://www.googleapis.com/auth/firebase","https://www.googleapis.com/auth/cloud-platform"]
[debug] [2022-06-17T18:05:53.184Z] > authorizing via signed-in user (bansi.birajdar7@gmail.com)
[info] 
     ######## #### ########  ######## ########     ###     ######  ########
     ##        ##  ##     ## ##       ##     ##  ##   ##  ##       ##
     ######    ##  ########  ######   ########  #########  ######  ######
     ##        ##  ##    ##  ##       ##     ## ##     ##       ## ##
     ##       #### ##     ## ######## ########  ##     ##  ######  ########

You're about to initialize a Firebase project in this directory:

  /home/user/Downloads/mywork/firebaseProject/grad_school

Before we get started, keep in mind:

  * You are initializing within an existing Firebase project directory

[info] 
=== Project Setup
[info] 
[info] First, let's associate this project directory with a Firebase project.
[info] You can create multiple project aliases by running firebase use --add, 
[info] but for now we'll just set up a default project.
[info] 
[debug] [2022-06-17T18:05:53.187Z] Using project from CLI flag: fir-785b7
[debug] [2022-06-17T18:05:53.189Z] >>> [apiv2][query] GET https://firebase.googleapis.com/v1beta1/projects/fir-785b7 [none]
[debug] [2022-06-17T18:05:54.103Z] <<< [apiv2][status] GET https://firebase.googleapis.com/v1beta1/projects/fir-785b7 200
[debug] [2022-06-17T18:05:54.103Z] <<< [apiv2][body] GET https://firebase.googleapis.com/v1beta1/projects/fir-785b7 {"projectId":"fir-785b7","projectNumber":"967739476384","displayName":"Demo","name":"projects/fir-785b7","resources":{"hostingSite":"fir-785b7"},"state":"ACTIVE"}
[info] i  Using project fir-785b7 (Demo) 
[info] 
=== Hosting:github Setup
[info] 
[info] i  Detected a .git folder at /home/user/Downloads/mywork/firebaseProject/grad_school 
[info] i  Authorizing with GitHub to upload your service account to a GitHub repository's secrets store. 
[info] 
[info] Visit this URL on this device to log in:
[info] https://github.com/login/oauth/authorize?client_id=89cf50f02ac6aaed3484&state=872581564&redirect_uri=http%3A%2F%2Flocalhost%3A9005&scope=read%3Auser%20repo%20public_repo
[info] 
[info] Waiting for authentication...
